Halving computational cell along direction y
Working in 2D dimensions.
Computational cell is 33 x 12 x 0 with resolution 61
     prism, center = (0,0,5e+19)
          height 1e+20, axis (0,0,1), 4 vertices:
          (-17.5,0.5,0)
          (17.5,0.5,0)
          (17.5,-0.5,0)
          (-17.5,-0.5,0)
          dielectric constant epsilon diagonal = (12,12,12)
time for set_epsilon = 3.09828 s
-----------
MPB solved for omega_1(0.519356,0,0) = 0.175856 after 9 iters
MPB solved for omega_1(0.425391,0,0) = 0.149882 after 7 iters
MPB solved for omega_1(0.425545,0,0) = 0.149925 after 5 iters
MPB solved for omega_1(0.425545,0,0) = 0.149925 after 1 iters
on time step 503 (time=4.12295), 0.00796518 s/step
on time step 980 (time=8.03279), 0.00839508 s/step
on time step 1415 (time=11.5984), 0.00920803 s/step
on time step 1792 (time=14.6885), 0.0106241 s/step
on time step 2166 (time=17.7541), 0.0107006 s/step
on time step 2696 (time=22.0984), 0.00755767 s/step
on time step 3214 (time=26.3443), 0.00772857 s/step
on time step 3712 (time=30.4262), 0.00804205 s/step
on time step 4181 (time=34.2705), 0.0085331 s/step
on time step 4610 (time=37.7869), 0.00933476 s/step
on time step 5081 (time=41.6475), 0.00850858 s/step
on time step 5485 (time=44.959), 0.00990293 s/step
on time step 5885 (time=48.2377), 0.0100032 s/step
on time step 6316 (time=51.7705), 0.00929439 s/step
on time step 6782 (time=55.5902), 0.0085899 s/step
on time step 7248 (time=59.4098), 0.00860649 s/step
on time step 7712 (time=63.2131), 0.00863157 s/step
on time step 8237 (time=67.5164), 0.00763102 s/step
on time step 8771 (time=71.8934), 0.00749972 s/step
on time step 9311 (time=76.3197), 0.0074138 s/step
on time step 9820 (time=80.4918), 0.00785879 s/step
on time step 10335 (time=84.7131), 0.00778279 s/step
on time step 10855 (time=88.9754), 0.00769758 s/step
on time step 11278 (time=92.4426), 0.00949744 s/step
on time step 11696 (time=95.8689), 0.00957133 s/step
on time step 12079 (time=99.0082), 0.010457 s/step
on time step 12522 (time=102.639), 0.0090359 s/step
on time step 12953 (time=106.172), 0.00928606 s/step
on time step 13392 (time=109.77), 0.00912468 s/step
on time step 13857 (time=113.582), 0.00860406 s/step
on time step 14286 (time=117.098), 0.00934534 s/step
on time step 14735 (time=120.779), 0.00891506 s/step
on time step 15175 (time=124.385), 0.00909191 s/step
on time step 15621 (time=128.041), 0.00898158 s/step
on time step 16015 (time=131.27), 0.0102086 s/step
on time step 16396 (time=134.393), 0.0105071 s/step
on time step 16812 (time=137.803), 0.00962752 s/step
on time step 17236 (time=141.279), 0.00946551 s/step
on time step 17636 (time=144.557), 0.010008 s/step
on time step 18086 (time=148.246), 0.00890186 s/step
on time step 18560 (time=152.131), 0.00844418 s/step
on time step 19033 (time=156.008), 0.00846247 s/step
on time step 19509 (time=159.91), 0.00843234 s/step
on time step 19987 (time=163.828), 0.00837265 s/step
on time step 20469 (time=167.779), 0.00830372 s/step
on time step 20944 (time=171.672), 0.00843128 s/step
on time step 21422 (time=175.59), 0.00837721 s/step
on time step 21904 (time=179.541), 0.00830645 s/step
on time step 22382 (time=183.459), 0.00837493 s/step
on time step 22862 (time=187.393), 0.00834652 s/step
on time step 23337 (time=191.287), 0.00842168 s/step
on time step 23816 (time=195.213), 0.0083572 s/step
on time step 24299 (time=199.172), 0.00828259 s/step
on time step 24784 (time=203.148), 0.00825717 s/step
on time step 25267 (time=207.107), 0.00829291 s/step
on time step 25714 (time=210.77), 0.00895058 s/step
on time step 26167 (time=214.484), 0.00883452 s/step
on time step 26622 (time=218.213), 0.00880174 s/step
on time step 27095 (time=222.09), 0.00845808 s/step
on time step 27562 (time=225.918), 0.00858202 s/step
on time step 28028 (time=229.738), 0.00859717 s/step
on time step 28475 (time=233.402), 0.00897242 s/step
on time step 28807 (time=236.123), 0.0121355 s/step
on time step 29106 (time=238.574), 0.0133951 s/step
on time step 29466 (time=241.525), 0.0111255 s/step
on time step 29871 (time=244.844), 0.00988044 s/step
on time step 30288 (time=248.262), 0.00960092 s/step
on time step 30700 (time=251.639), 0.00972923 s/step
on time step 31134 (time=255.197), 0.00922328 s/step
on time step 31472 (time=257.967), 0.0118679 s/step
on time step 31911 (time=261.566), 0.0091277 s/step
on time step 32324 (time=264.951), 0.00971788 s/step
on time step 32727 (time=268.254), 0.00993325 s/step
on time step 33213 (time=272.238), 0.00826708 s/step
on time step 33647 (time=275.795), 0.00921958 s/step
on time step 34104 (time=279.541), 0.00875995 s/step
on time step 34545 (time=283.156), 0.00910203 s/step
on time step 35006 (time=286.934), 0.00868316 s/step
on time step 35464 (time=290.689), 0.0087363 s/step
on time step 35942 (time=294.607), 0.0083868 s/step
on time step 36406 (time=298.41), 0.00864655 s/step
on time step 36847 (time=302.025), 0.00907681 s/step
on time step 37306 (time=305.787), 0.00873465 s/step
on time step 37764 (time=309.541), 0.00873846 s/step
on time step 38235 (time=313.402), 0.00850062 s/step
on time step 38691 (time=317.139), 0.00879056 s/step
on time step 39170 (time=321.066), 0.00835825 s/step
on time step 39612 (time=324.689), 0.00906594 s/step
on time step 40068 (time=328.426), 0.00877731 s/step
on time step 40549 (time=332.369), 0.00832349 s/step
on time step 41025 (time=336.27), 0.00843534 s/step
on time step 41510 (time=340.246), 0.00825126 s/step
on time step 41930 (time=343.689), 0.00953783 s/step
on time step 42316 (time=346.852), 0.0103868 s/step
on time step 42761 (time=350.5), 0.00899091 s/step
on time step 43170 (time=353.852), 0.00978136 s/step
on time step 43582 (time=357.23), 0.00972559 s/step
on time step 44008 (time=360.721), 0.00939219 s/step
on time step 44466 (time=364.475), 0.00874526 s/step
on time step 44946 (time=368.41), 0.00833939 s/step
on time step 45418 (time=372.279), 0.00848588 s/step
on time step 45893 (time=376.172), 0.00843022 s/step
on time step 46376 (time=380.131), 0.00830384 s/step
on time step 46862 (time=384.115), 0.00824623 s/step
on time step 47345 (time=388.074), 0.00831748 s/step
on time step 47768 (time=391.541), 0.00945874 s/step
on time step 48247 (time=395.467), 0.0083548 s/step
on time step 48725 (time=399.385), 0.00837409 s/step
MPB solved for omega_1(0.519356,0,0) = 0.175856 after 9 iters
MPB solved for omega_1(0.425391,0,0) = 0.149882 after 7 iters
MPB solved for omega_1(0.425545,0,0) = 0.149925 after 5 iters
MPB solved for omega_1(0.425545,0,0) = 0.149925 after 1 iters
Dominant planewave for band 1: (0.425545,-0.000000,0.000000)

Field time usage:
     connecting chunks: 0.254304 s
         time stepping: 402.678 s
         communicating: 24.0156 s
    Fourier transforming: 0.702786 s
       everything else: 5.98235 s

Halving computational cell along direction y
Working in 2D dimensions.
Computational cell is 33 x 12 x 0 with resolution 61
     prism, center = (0,0,5e+19)
          height 1e+20, axis (0,0,1), 8 vertices:
          (-17.5,0.5,0)
          (-0.5,0.5,0)
          (0.5,1,0)
          (17.5,1,0)
          (17.5,-1,0)
          (0.5,-1,0)
          (-0.5,-0.5,0)
          (-17.5,-0.5,0)
          dielectric constant epsilon diagonal = (12,12,12)
time for set_epsilon = 5.24722 s
-----------
MPB solved for omega_1(0.519356,0,0) = 0.175856 after 9 iters
MPB solved for omega_1(0.425391,0,0) = 0.149882 after 7 iters
MPB solved for omega_1(0.425545,0,0) = 0.149925 after 5 iters
MPB solved for omega_1(0.425545,0,0) = 0.149925 after 1 iters
on time step 465 (time=3.81148), 0.00862328 s/step
on time step 925 (time=7.58197), 0.00870129 s/step
on time step 1361 (time=11.1557), 0.00918215 s/step
on time step 1740 (time=14.2623), 0.0105637 s/step
on time step 2082 (time=17.0656), 0.0117499 s/step
on time step 2539 (time=20.8115), 0.00876218 s/step
on time step 3019 (time=24.7459), 0.00835138 s/step
on time step 3497 (time=28.6639), 0.00836929 s/step
on time step 3980 (time=32.623), 0.00828364 s/step
on time step 4463 (time=36.582), 0.00829121 s/step
on time step 4938 (time=40.4754), 0.00843508 s/step
on time step 5320 (time=43.6066), 0.0104905 s/step
on time step 5722 (time=46.9016), 0.00995213 s/step
on time step 6176 (time=50.623), 0.00884326 s/step
on time step 6534 (time=53.5574), 0.0111821 s/step
on time step 6944 (time=56.918), 0.00978187 s/step
on time step 7294 (time=59.7869), 0.0114493 s/step
on time step 7699 (time=63.1066), 0.00991626 s/step
on time step 8183 (time=67.0738), 0.00829446 s/step
on time step 8661 (time=70.9918), 0.00837786 s/step
on time step 9139 (time=74.9098), 0.00837075 s/step
on time step 9591 (time=78.6148), 0.00885152 s/step
on time step 10077 (time=82.5984), 0.0082417 s/step
on time step 10510 (time=86.1475), 0.00925554 s/step
on time step 10923 (time=89.5328), 0.00969469 s/step
on time step 11329 (time=92.8607), 0.00985919 s/step
on time step 11809 (time=96.7951), 0.00835932 s/step
on time step 12286 (time=100.705), 0.00838889 s/step
on time step 12767 (time=104.648), 0.00833429 s/step
on time step 13249 (time=108.598), 0.00830872 s/step
on time step 13732 (time=112.557), 0.00829249 s/step
on time step 14209 (time=116.467), 0.00841388 s/step
on time step 14680 (time=120.328), 0.00850044 s/step
on time step 15159 (time=124.254), 0.00835211 s/step
on time step 15646 (time=128.246), 0.0082184 s/step
on time step 16126 (time=132.18), 0.00835207 s/step
on time step 16594 (time=136.016), 0.0085547 s/step
on time step 17077 (time=139.975), 0.00831502 s/step
on time step 17560 (time=143.934), 0.00828757 s/step
on time step 18034 (time=147.82), 0.00844878 s/step
on time step 18516 (time=151.77), 0.00830824 s/step
on time step 18995 (time=155.697), 0.00836797 s/step
on time step 19476 (time=159.639), 0.00832203 s/step
on time step 19960 (time=163.607), 0.00827389 s/step
on time step 20439 (time=167.533), 0.00837882 s/step
on time step 20916 (time=171.443), 0.00839194 s/step
on time step 21398 (time=175.393), 0.00830588 s/step
on time step 21878 (time=179.328), 0.00834561 s/step
on time step 22349 (time=183.189), 0.00850944 s/step
on time step 22826 (time=187.098), 0.00839367 s/step
on time step 23306 (time=191.033), 0.00834336 s/step
on time step 23777 (time=194.893), 0.00851055 s/step
on time step 24255 (time=198.811), 0.00838414 s/step
on time step 24738 (time=202.77), 0.00829301 s/step
on time step 25219 (time=206.713), 0.00832683 s/step
on time step 25697 (time=210.631), 0.00837841 s/step
on time step 26175 (time=214.549), 0.00837222 s/step
on time step 26651 (time=218.451), 0.00841538 s/step
on time step 27130 (time=222.377), 0.00835424 s/step
on time step 27612 (time=226.328), 0.00830234 s/step
on time step 28093 (time=230.27), 0.00831828 s/step
on time step 28572 (time=234.197), 0.00837763 s/step
on time step 29055 (time=238.156), 0.00828813 s/step
on time step 29533 (time=242.074), 0.00837649 s/step
on time step 30009 (time=245.975), 0.00843734 s/step
on time step 30492 (time=249.934), 0.00829547 s/step
on time step 30966 (time=253.82), 0.00844188 s/step
on time step 31452 (time=257.803), 0.00824415 s/step
on time step 31931 (time=261.73), 0.00836747 s/step
on time step 32401 (time=265.582), 0.0085148 s/step
on time step 32883 (time=269.533), 0.0083203 s/step
on time step 33361 (time=273.451), 0.00837308 s/step
on time step 33840 (time=277.377), 0.00836297 s/step
on time step 34319 (time=281.303), 0.00836588 s/step
on time step 34782 (time=285.098), 0.00865389 s/step
on time step 35255 (time=288.975), 0.00847024 s/step
on time step 35737 (time=292.926), 0.00830186 s/step
on time step 36221 (time=296.893), 0.00828746 s/step
on time step 36703 (time=300.844), 0.0083048 s/step
on time step 37180 (time=304.754), 0.0083862 s/step
on time step 37665 (time=308.73), 0.00824894 s/step
on time step 38141 (time=312.631), 0.00840681 s/step
on time step 38623 (time=316.582), 0.00829891 s/step
on time step 39108 (time=320.557), 0.00826076 s/step
on time step 39583 (time=324.451), 0.00842114 s/step
on time step 40064 (time=328.393), 0.00832551 s/step
on time step 40506 (time=332.016), 0.00906659 s/step
on time step 40980 (time=335.902), 0.0084419 s/step
on time step 41436 (time=339.639), 0.00881583 s/step
on time step 41895 (time=343.402), 0.00872697 s/step
on time step 42371 (time=347.303), 0.00840596 s/step
on time step 42846 (time=351.197), 0.00843087 s/step
on time step 43321 (time=355.09), 0.0084302 s/step
on time step 43803 (time=359.041), 0.00830491 s/step
on time step 44278 (time=362.934), 0.00842861 s/step
on time step 44754 (time=366.836), 0.00840493 s/step
on time step 45226 (time=370.705), 0.00848416 s/step
on time step 45706 (time=374.639), 0.00833699 s/step
on time step 46189 (time=378.598), 0.00829165 s/step
on time step 46668 (time=382.525), 0.0083666 s/step
on time step 47144 (time=386.426), 0.00841623 s/step
on time step 47626 (time=390.377), 0.00831112 s/step
on time step 48110 (time=394.344), 0.00827283 s/step
on time step 48592 (time=398.295), 0.00829989 s/step
MPB solved for omega_1(0.519356,0,0) = 0.175856 after 10 iters
MPB solved for omega_1(0.425391,0,0) = 0.149882 after 7 iters
MPB solved for omega_1(0.425545,0,0) = 0.149925 after 5 iters
MPB solved for omega_1(0.425545,0,0) = 0.149925 after 1 iters
Dominant planewave for band 1: (0.425545,-0.000000,0.000000)
Halving computational cell along direction y
Working in 2D dimensions.
Computational cell is 34 x 12 x 0 with resolution 61
     prism, center = (0,0,5e+19)
          height 1e+20, axis (0,0,1), 4 vertices:
          (-18,0.5,0)
          (18,0.5,0)
          (18,-0.5,0)
          (-18,-0.5,0)
          dielectric constant epsilon diagonal = (12,12,12)
time for set_epsilon = 3.56885 s
-----------
MPB solved for omega_1(0.519356,0,0) = 0.175856 after 10 iters
MPB solved for omega_1(0.425391,0,0) = 0.149882 after 7 iters
MPB solved for omega_1(0.425545,0,0) = 0.149925 after 5 iters
MPB solved for omega_1(0.425545,0,0) = 0.149925 after 1 iters
on time step 423 (time=3.46721), 0.00946372 s/step
on time step 862 (time=7.06557), 0.00912574 s/step
on time step 1229 (time=10.0738), 0.0109405 s/step
on time step 1623 (time=13.3033), 0.0101662 s/step
on time step 1957 (time=16.041), 0.0119849 s/step
on time step 2295 (time=18.8115), 0.0118543 s/step
on time step 2726 (time=22.3443), 0.00930093 s/step
on time step 3192 (time=26.1639), 0.00859824 s/step
on time step 3655 (time=29.959), 0.00864694 s/step
on time step 4121 (time=33.7787), 0.00860576 s/step
on time step 4582 (time=37.5574), 0.00868202 s/step
on time step 5041 (time=41.3197), 0.00872429 s/step
on time step 5504 (time=45.1148), 0.00864723 s/step
on time step 5966 (time=48.9016), 0.00868363 s/step
on time step 6437 (time=52.7623), 0.00850484 s/step
on time step 6901 (time=56.5656), 0.00863943 s/step
on time step 7362 (time=60.3443), 0.00869036 s/step
on time step 7831 (time=64.1885), 0.00853136 s/step
on time step 8294 (time=67.9836), 0.00863979 s/step
on time step 8751 (time=71.7295), 0.00877324 s/step
on time step 9211 (time=75.5), 0.00870567 s/step
on time step 9661 (time=79.1885), 0.00889452 s/step
on time step 10127 (time=83.0082), 0.00861014 s/step
on time step 10597 (time=86.8607), 0.00851186 s/step
on time step 11062 (time=90.6721), 0.00860918 s/step
on time step 11521 (time=94.4344), 0.00871892 s/step
on time step 11983 (time=98.2213), 0.00867811 s/step
on time step 12453 (time=102.074), 0.00851449 s/step
on time step 12920 (time=105.902), 0.00857703 s/step
on time step 13382 (time=109.689), 0.0086856 s/step
on time step 13845 (time=113.484), 0.00863944 s/step
on time step 14310 (time=117.295), 0.00860415 s/step
on time step 14775 (time=121.107), 0.0086022 s/step
on time step 15240 (time=124.918), 0.00862868 s/step
on time step 15700 (time=128.689), 0.00870011 s/step
on time step 16167 (time=132.516), 0.00861192 s/step
on time step 16622 (time=136.246), 0.00880171 s/step
on time step 17085 (time=140.041), 0.00864119 s/step
on time step 17546 (time=143.82), 0.00868362 s/step
on time step 18011 (time=147.631), 0.00861504 s/step
on time step 18466 (time=151.361), 0.00879865 s/step
on time step 18933 (time=155.189), 0.00857083 s/step
on time step 19399 (time=159.008), 0.00859897 s/step
on time step 19867 (time=162.844), 0.0085545 s/step
on time step 20320 (time=166.557), 0.00883009 s/step
on time step 20781 (time=170.336), 0.0086935 s/step
on time step 21230 (time=174.016), 0.00891527 s/step
on time step 21700 (time=177.869), 0.00851915 s/step
on time step 22164 (time=181.672), 0.00863225 s/step
on time step 22626 (time=185.459), 0.00865962 s/step
on time step 23089 (time=189.254), 0.00865232 s/step
on time step 23541 (time=192.959), 0.0088505 s/step
on time step 24006 (time=196.77), 0.00861414 s/step
on time step 24466 (time=200.541), 0.00870255 s/step
on time step 24933 (time=204.369), 0.00856905 s/step
on time step 25395 (time=208.156), 0.00865922 s/step
on time step 25859 (time=211.959), 0.00862519 s/step
on time step 26322 (time=215.754), 0.0086409 s/step
on time step 26785 (time=219.549), 0.00863986 s/step
on time step 27253 (time=223.385), 0.00856922 s/step
on time step 27697 (time=227.025), 0.00901353 s/step
on time step 28135 (time=230.615), 0.00913838 s/step
on time step 28570 (time=234.18), 0.00920709 s/step
on time step 28988 (time=237.607), 0.00957934 s/step
on time step 29413 (time=241.09), 0.00943006 s/step
on time step 29872 (time=244.852), 0.00873221 s/step
on time step 30330 (time=248.607), 0.00873588 s/step
on time step 30789 (time=252.369), 0.00871748 s/step
on time step 31253 (time=256.172), 0.00862879 s/step
on time step 31713 (time=259.943), 0.0086978 s/step
on time step 32174 (time=263.721), 0.00868355 s/step
on time step 32639 (time=267.533), 0.00861436 s/step
on time step 33105 (time=271.352), 0.0085898 s/step
on time step 33569 (time=275.156), 0.00863235 s/step
on time step 34028 (time=278.918), 0.00871913 s/step
on time step 34484 (time=282.656), 0.00878202 s/step
on time step 34947 (time=286.451), 0.00864204 s/step
on time step 35411 (time=290.254), 0.0086301 s/step
on time step 35872 (time=294.033), 0.00867844 s/step
on time step 36334 (time=297.82), 0.00868974 s/step
on time step 36780 (time=301.475), 0.00896901 s/step
on time step 37189 (time=304.828), 0.00979288 s/step
on time step 37619 (time=308.352), 0.0093167 s/step
on time step 38075 (time=312.09), 0.00878553 s/step
on time step 38533 (time=315.844), 0.00873637 s/step
on time step 38990 (time=319.59), 0.00876293 s/step
on time step 39442 (time=323.295), 0.00888777 s/step
on time step 39900 (time=327.049), 0.00874604 s/step
on time step 40358 (time=330.803), 0.00876787 s/step
on time step 40815 (time=334.549), 0.0087607 s/step
on time step 41275 (time=338.32), 0.00870127 s/step
on time step 41730 (time=342.049), 0.00879314 s/step
on time step 42188 (time=345.803), 0.00873448 s/step
on time step 42636 (time=349.475), 0.00895707 s/step
on time step 43089 (time=353.189), 0.00883682 s/step
on time step 43544 (time=356.918), 0.00879718 s/step
on time step 43996 (time=360.623), 0.00885775 s/step
on time step 44436 (time=364.23), 0.00909391 s/step
on time step 44880 (time=367.869), 0.00901711 s/step
on time step 45341 (time=371.648), 0.00871054 s/step
on time step 45804 (time=375.443), 0.008642 s/step
on time step 46269 (time=379.254), 0.00861278 s/step
on time step 46734 (time=383.066), 0.00860255 s/step
on time step 47191 (time=386.811), 0.00876211 s/step
on time step 47650 (time=390.574), 0.00871772 s/step
on time step 48109 (time=394.336), 0.0087284 s/step
on time step 48569 (time=398.107), 0.00869689 s/step
MPB solved for omega_1(0.519356,0,0) = 0.175856 after 9 iters
MPB solved for omega_1(0.425391,0,0) = 0.149882 after 7 iters
MPB solved for omega_1(0.425545,0,0) = 0.149925 after 5 iters
MPB solved for omega_1(0.425545,0,0) = 0.149925 after 1 iters
Dominant planewave for band 1: (0.425545,-0.000000,0.000000)

Field time usage:
     connecting chunks: 0.297383 s
         time stepping: 398.94 s
         communicating: 25.234 s
    Fourier transforming: 0.845724 s
       everything else: 5.50668 s

Halving computational cell along direction y
Working in 2D dimensions.
Computational cell is 34 x 12 x 0 with resolution 61
     prism, center = (0,0,5e+19)
          height 1e+20, axis (0,0,1), 8 vertices:
          (-18,0.5,0)
          (-1,0.5,0)
          (1,1,0)
          (18,1,0)
          (18,-1,0)
          (1,-1,0)
          (-1,-0.5,0)
          (-18,-0.5,0)
          dielectric constant epsilon diagonal = (12,12,12)
time for set_epsilon = 5.27299 s
-----------
MPB solved for omega_1(0.519356,0,0) = 0.175856 after 9 iters
MPB solved for omega_1(0.425391,0,0) = 0.149882 after 7 iters
MPB solved for omega_1(0.425545,0,0) = 0.149925 after 5 iters
MPB solved for omega_1(0.425545,0,0) = 0.149925 after 1 iters
on time step 449 (time=3.68033), 0.00891831 s/step
on time step 891 (time=7.30328), 0.00907388 s/step
on time step 1303 (time=10.6803), 0.00972834 s/step
on time step 1700 (time=13.9344), 0.0100816 s/step
on time step 2032 (time=16.6557), 0.0121348 s/step
on time step 2396 (time=19.6393), 0.0110125 s/step
on time step 2853 (time=23.3852), 0.00876879 s/step
on time step 3318 (time=27.1967), 0.00861148 s/step
on time step 3780 (time=30.9836), 0.00866532 s/step
on time step 4242 (time=34.7705), 0.0086613 s/step
on time step 4691 (time=38.4508), 0.00892356 s/step
on time step 5155 (time=42.2541), 0.00863504 s/step
on time step 5623 (time=46.0902), 0.00855526 s/step
on time step 6090 (time=49.918), 0.00857516 s/step
on time step 6552 (time=53.7049), 0.00867376 s/step
on time step 7015 (time=57.5), 0.00864748 s/step
on time step 7481 (time=61.3197), 0.00859111 s/step
on time step 7931 (time=65.0082), 0.0088965 s/step
on time step 8395 (time=68.8115), 0.00862185 s/step
on time step 8858 (time=72.6066), 0.0086531 s/step
on time step 9320 (time=76.3934), 0.00866566 s/step
on time step 9779 (time=80.1557), 0.00872851 s/step
on time step 10240 (time=83.9344), 0.00868857 s/step
on time step 10700 (time=87.7049), 0.00871821 s/step
on time step 11162 (time=91.4918), 0.00866682 s/step
on time step 11621 (time=95.2541), 0.00871617 s/step
on time step 12085 (time=99.0574), 0.00862569 s/step
on time step 12539 (time=102.779), 0.0088114 s/step
on time step 12999 (time=106.549), 0.00870101 s/step
on time step 13465 (time=110.369), 0.00859586 s/step
on time step 13929 (time=114.172), 0.00864317 s/step
on time step 14394 (time=117.984), 0.00860835 s/step
on time step 14845 (time=121.68), 0.00888184 s/step
on time step 15306 (time=125.459), 0.00868241 s/step
on time step 15761 (time=129.189), 0.0087944 s/step
on time step 16225 (time=132.992), 0.00862542 s/step
on time step 16689 (time=136.795), 0.00862197 s/step
on time step 17147 (time=140.549), 0.00873805 s/step
on time step 17613 (time=144.369), 0.00858842 s/step
on time step 18078 (time=148.18), 0.00861195 s/step
on time step 18541 (time=151.975), 0.00865607 s/step
on time step 19006 (time=155.787), 0.00862198 s/step
on time step 19473 (time=159.615), 0.00857117 s/step
on time step 19934 (time=163.393), 0.00870037 s/step
on time step 20391 (time=167.139), 0.00875497 s/step
on time step 20852 (time=170.918), 0.00867709 s/step
on time step 21322 (time=174.77), 0.00851898 s/step
on time step 21732 (time=178.131), 0.00977081 s/step
on time step 22144 (time=181.508), 0.00972243 s/step
on time step 22595 (time=185.205), 0.00887229 s/step
on time step 23057 (time=188.992), 0.00869328 s/step
on time step 23526 (time=192.836), 0.00853808 s/step
on time step 23995 (time=196.68), 0.00853564 s/step
on time step 24455 (time=200.451), 0.00870332 s/step
on time step 24923 (time=204.287), 0.00857031 s/step
on time step 25386 (time=208.082), 0.00864186 s/step
on time step 25854 (time=211.918), 0.00856077 s/step
on time step 26307 (time=215.631), 0.00885665 s/step
on time step 26773 (time=219.451), 0.0085966 s/step
on time step 27240 (time=223.279), 0.00857461 s/step
on time step 27705 (time=227.09), 0.00860374 s/step
on time step 28166 (time=230.869), 0.00869338 s/step
on time step 28626 (time=234.639), 0.00869963 s/step
on time step 29088 (time=238.426), 0.00867957 s/step
on time step 29553 (time=242.238), 0.00860443 s/step
on time step 30021 (time=246.074), 0.0085637 s/step
on time step 30489 (time=249.91), 0.00854716 s/step
on time step 30953 (time=253.713), 0.00862418 s/step
on time step 31421 (time=257.549), 0.0085478 s/step
on time step 31883 (time=261.336), 0.00866904 s/step
on time step 32342 (time=265.098), 0.00872927 s/step
on time step 32803 (time=268.877), 0.00869558 s/step
on time step 33248 (time=272.525), 0.00899438 s/step
on time step 33715 (time=276.352), 0.00857928 s/step
on time step 34179 (time=280.156), 0.00863289 s/step
on time step 34643 (time=283.959), 0.00863846 s/step
on time step 35111 (time=287.795), 0.00855657 s/step
on time step 35564 (time=291.508), 0.00884827 s/step
on time step 36026 (time=295.295), 0.00867594 s/step
on time step 36489 (time=299.09), 0.00865297 s/step
on time step 36958 (time=302.934), 0.0085447 s/step
on time step 37425 (time=306.762), 0.00856838 s/step
on time step 37888 (time=310.557), 0.00864093 s/step
on time step 38351 (time=314.352), 0.00865092 s/step
on time step 38816 (time=318.164), 0.00860915 s/step
on time step 39275 (time=321.926), 0.00871805 s/step
on time step 39738 (time=325.721), 0.00864162 s/step
on time step 40204 (time=329.541), 0.00858371 s/step
on time step 40669 (time=333.352), 0.00860271 s/step
on time step 41136 (time=337.18), 0.00857852 s/step
on time step 41596 (time=340.951), 0.00873422 s/step
on time step 42056 (time=344.721), 0.00870137 s/step
on time step 42519 (time=348.516), 0.00864637 s/step
on time step 42987 (time=352.352), 0.00856276 s/step
on time step 43452 (time=356.164), 0.00860386 s/step
on time step 43918 (time=359.984), 0.00858773 s/step
on time step 44389 (time=363.844), 0.00850375 s/step
on time step 44852 (time=367.639), 0.00865685 s/step
on time step 45323 (time=371.5), 0.00849915 s/step
on time step 45789 (time=375.32), 0.00859954 s/step
on time step 46255 (time=379.139), 0.00859531 s/step
on time step 46715 (time=382.91), 0.00871984 s/step
on time step 47179 (time=386.713), 0.00862414 s/step
on time step 47648 (time=390.557), 0.00855027 s/step
on time step 48109 (time=394.336), 0.0086783 s/step
on time step 48572 (time=398.131), 0.00865132 s/step
MPB solved for omega_1(0.519356,0,0) = 0.175856 after 9 iters
MPB solved for omega_1(0.425391,0,0) = 0.149882 after 7 iters
MPB solved for omega_1(0.425545,0,0) = 0.149925 after 5 iters
MPB solved for omega_1(0.425545,0,0) = 0.149925 after 1 iters
Dominant planewave for band 1: (0.425545,-0.000000,0.000000)
Halving computational cell along direction y
Working in 2D dimensions.
Computational cell is 36 x 12 x 0 with resolution 61
     prism, center = (0,0,5e+19)
          height 1e+20, axis (0,0,1), 4 vertices:
          (-19,0.5,0)
          (19,0.5,0)
          (19,-0.5,0)
          (-19,-0.5,0)
          dielectric constant epsilon diagonal = (12,12,12)
time for set_epsilon = 3.84983 s
-----------
MPB solved for omega_1(0.519356,0,0) = 0.175856 after 9 iters
MPB solved for omega_1(0.425391,0,0) = 0.149882 after 7 iters
MPB solved for omega_1(0.425545,0,0) = 0.149925 after 5 iters
MPB solved for omega_1(0.425545,0,0) = 0.149925 after 1 iters
on time step 427 (time=3.5), 0.00938278 s/step
on time step 849 (time=6.95902), 0.00948283 s/step
on time step 1246 (time=10.2131), 0.0101064 s/step
on time step 1606 (time=13.1639), 0.0111133 s/step
on time step 1950 (time=15.9836), 0.0116454 s/step
on time step 2246 (time=18.4098), 0.0135279 s/step
on time step 2599 (time=21.3033), 0.0113441 s/step
on time step 3021 (time=24.7623), 0.00948492 s/step
on time step 3451 (time=28.2869), 0.00930738 s/step
on time step 3890 (time=31.8852), 0.00914561 s/step
on time step 4315 (time=35.3689), 0.00942048 s/step
on time step 4756 (time=38.9836), 0.00907993 s/step
on time step 5180 (time=42.459), 0.00943961 s/step
on time step 5555 (time=45.5328), 0.0106689 s/step
on time step 5964 (time=48.8852), 0.00978676 s/step
on time step 6375 (time=52.2541), 0.00973314 s/step
on time step 6822 (time=55.918), 0.00896181 s/step
on time step 7253 (time=59.4508), 0.0093048 s/step
on time step 7685 (time=62.9918), 0.00926481 s/step
on time step 8120 (time=66.5574), 0.00921075 s/step
on time step 8551 (time=70.0902), 0.00929952 s/step
on time step 8989 (time=73.6803), 0.00914081 s/step
on time step 9406 (time=77.0984), 0.00962551 s/step
on time step 9847 (time=80.7131), 0.00908619 s/step
on time step 10296 (time=84.3934), 0.00892097 s/step
on time step 10739 (time=88.0246), 0.00904055 s/step
on time step 11178 (time=91.623), 0.00912227 s/step
on time step 11601 (time=95.0902), 0.00946589 s/step
on time step 12004 (time=98.3934), 0.00994269 s/step
on time step 12425 (time=101.844), 0.00951123 s/step
on time step 12874 (time=105.525), 0.0089157 s/step
on time step 13274 (time=108.803), 0.0100024 s/step
on time step 13701 (time=112.303), 0.00939298 s/step
on time step 14142 (time=115.918), 0.00907781 s/step
on time step 14581 (time=119.516), 0.00912115 s/step
on time step 15032 (time=123.213), 0.00887865 s/step
on time step 15375 (time=126.025), 0.0116869 s/step
on time step 15808 (time=129.574), 0.00925247 s/step
on time step 16219 (time=132.943), 0.00973618 s/step
on time step 16627 (time=136.287), 0.00981155 s/step
on time step 16955 (time=138.975), 0.0122638 s/step
on time step 17266 (time=141.525), 0.0128638 s/step
on time step 17622 (time=144.443), 0.011258 s/step
on time step 18007 (time=147.598), 0.0104465 s/step
on time step 18394 (time=150.77), 0.0103506 s/step
on time step 18788 (time=154), 0.0101605 s/step
on time step 19212 (time=157.475), 0.00943806 s/step
on time step 19644 (time=161.016), 0.00927266 s/step
on time step 20050 (time=164.344), 0.00985752 s/step
on time step 20463 (time=167.73), 0.00971472 s/step
on time step 20875 (time=171.107), 0.00974526 s/step
on time step 21311 (time=174.68), 0.00919016 s/step
on time step 21743 (time=178.221), 0.00927632 s/step
on time step 22138 (time=181.459), 0.0101396 s/step
on time step 22546 (time=184.803), 0.00982545 s/step
on time step 22953 (time=188.139), 0.00983794 s/step
on time step 23393 (time=191.746), 0.00909919 s/step
on time step 23833 (time=195.352), 0.00910349 s/step
on time step 24276 (time=198.984), 0.00904187 s/step
on time step 24711 (time=202.549), 0.00919928 s/step
on time step 25146 (time=206.115), 0.00923934 s/step
on time step 25572 (time=209.607), 0.00940066 s/step
on time step 25995 (time=213.074), 0.00946156 s/step
on time step 26416 (time=216.525), 0.00951412 s/step
on time step 26835 (time=219.959), 0.00956983 s/step
on time step 27262 (time=223.459), 0.00937034 s/step
on time step 27682 (time=226.902), 0.00955407 s/step
on time step 28101 (time=230.336), 0.00955536 s/step
on time step 28521 (time=233.779), 0.00952565 s/step
on time step 28967 (time=237.434), 0.00896952 s/step
on time step 29399 (time=240.975), 0.00928102 s/step
on time step 29844 (time=244.623), 0.00900238 s/step
on time step 30284 (time=248.23), 0.00910201 s/step
on time step 30714 (time=251.754), 0.00932187 s/step
on time step 31141 (time=255.254), 0.00938103 s/step
on time step 31574 (time=258.803), 0.00925135 s/step
on time step 31999 (time=262.287), 0.0094137 s/step
on time step 32429 (time=265.811), 0.00931959 s/step
on time step 32849 (time=269.254), 0.00953895 s/step
on time step 33280 (time=272.787), 0.00928607 s/step
on time step 33702 (time=276.246), 0.00951577 s/step
on time step 34133 (time=279.779), 0.00928148 s/step
on time step 34568 (time=283.344), 0.00921284 s/step
on time step 35007 (time=286.943), 0.00912076 s/step
on time step 35439 (time=290.484), 0.00927848 s/step
on time step 35872 (time=294.033), 0.00924365 s/step
on time step 36300 (time=297.541), 0.00937886 s/step
on time step 36733 (time=301.09), 0.00925505 s/step
on time step 37168 (time=304.656), 0.00920237 s/step
on time step 37595 (time=308.156), 0.00938263 s/step
on time step 38034 (time=311.754), 0.0091512 s/step
on time step 38477 (time=315.385), 0.00904429 s/step
on time step 38922 (time=319.033), 0.0090357 s/step
on time step 39361 (time=322.631), 0.00912261 s/step
on time step 39808 (time=326.295), 0.0089649 s/step
on time step 40251 (time=329.926), 0.00904252 s/step
on time step 40698 (time=333.59), 0.00898318 s/step
on time step 41139 (time=337.205), 0.00908333 s/step
on time step 41585 (time=340.861), 0.00897392 s/step
on time step 42033 (time=344.533), 0.00896437 s/step
on time step 42477 (time=348.172), 0.00901937 s/step
on time step 42919 (time=351.795), 0.00907041 s/step
on time step 43361 (time=355.418), 0.00906268 s/step
on time step 43808 (time=359.082), 0.0089827 s/step
on time step 44244 (time=362.656), 0.0091853 s/step
on time step 44682 (time=366.246), 0.0091604 s/step
on time step 45129 (time=369.91), 0.00895877 s/step
on time step 45574 (time=373.557), 0.00899641 s/step
on time step 46019 (time=377.205), 0.00899525 s/step
on time step 46462 (time=380.836), 0.00903229 s/step
on time step 46909 (time=384.5), 0.00895971 s/step
on time step 47355 (time=388.156), 0.00897807 s/step
on time step 47788 (time=391.705), 0.0092732 s/step
on time step 48188 (time=394.984), 0.0100089 s/step
on time step 48636 (time=398.656), 0.00894144 s/step
MPB solved for omega_1(0.519356,0,0) = 0.175856 after 9 iters
MPB solved for omega_1(0.425391,0,0) = 0.149882 after 7 iters
MPB solved for omega_1(0.425545,0,0) = 0.149925 after 5 iters
MPB solved for omega_1(0.425545,0,0) = 0.149925 after 1 iters
Dominant planewave for band 1: (0.425545,-0.000000,0.000000)

Field time usage:
     connecting chunks: 0.303441 s
         time stepping: 429.49 s
         communicating: 26.0545 s
    Fourier transforming: 0.966007 s
       everything else: 5.78799 s

Halving computational cell along direction y
Working in 2D dimensions.
Computational cell is 36 x 12 x 0 with resolution 61
     prism, center = (0,0,5e+19)
          height 1e+20, axis (0,0,1), 8 vertices:
          (-19,0.5,0)
          (-2,0.5,0)
          (2,1,0)
          (19,1,0)
          (19,-1,0)
          (2,-1,0)
          (-2,-0.5,0)
          (-19,-0.5,0)
          dielectric constant epsilon diagonal = (12,12,12)
time for set_epsilon = 5.53182 s
-----------
MPB solved for omega_1(0.519356,0,0) = 0.175856 after 9 iters
MPB solved for omega_1(0.425391,0,0) = 0.149882 after 7 iters
MPB solved for omega_1(0.425545,0,0) = 0.149925 after 5 iters
MPB solved for omega_1(0.425545,0,0) = 0.149925 after 1 iters
on time step 406 (time=3.32787), 0.0098632 s/step
on time step 779 (time=6.38525), 0.0107253 s/step
on time step 1178 (time=9.65574), 0.0100632 s/step
on time step 1578 (time=12.9344), 0.0100106 s/step
on time step 1950 (time=15.9836), 0.0107699 s/step
on time step 2274 (time=18.6393), 0.0123531 s/step
on time step 2639 (time=21.6311), 0.0110019 s/step
on time step 3078 (time=25.2295), 0.00912275 s/step
on time step 3525 (time=28.8934), 0.00896349 s/step
on time step 3973 (time=32.5656), 0.00894165 s/step
on time step 4413 (time=36.1721), 0.00909853 s/step
on time step 4802 (time=39.3607), 0.010306 s/step
on time step 5214 (time=42.7377), 0.00973209 s/step
on time step 5622 (time=46.082), 0.00980778 s/step
on time step 6054 (time=49.623), 0.00926909 s/step
on time step 6475 (time=53.0738), 0.009523 s/step
on time step 6905 (time=56.5984), 0.0093121 s/step
on time step 7314 (time=59.9508), 0.00978698 s/step
on time step 7738 (time=63.4262), 0.00945433 s/step
on time step 8153 (time=66.8279), 0.0096813 s/step
on time step 8570 (time=70.2459), 0.00960221 s/step
on time step 8989 (time=73.6803), 0.00955488 s/step
on time step 9421 (time=77.2213), 0.00926891 s/step
on time step 9838 (time=80.6393), 0.00960547 s/step
on time step 10232 (time=83.8689), 0.0101629 s/step
on time step 10661 (time=87.3852), 0.00934873 s/step
on time step 11097 (time=90.959), 0.00917558 s/step
on time step 11533 (time=94.5328), 0.00917886 s/step
on time step 11973 (time=98.1393), 0.00910773 s/step
on time step 12419 (time=101.795), 0.00897279 s/step
on time step 12849 (time=105.32), 0.00932157 s/step
on time step 13291 (time=108.943), 0.00905221 s/step
on time step 13727 (time=112.516), 0.00920934 s/step
on time step 14166 (time=116.115), 0.00911508 s/step
on time step 14607 (time=119.73), 0.00908367 s/step
on time step 15051 (time=123.369), 0.00903276 s/step
on time step 15491 (time=126.975), 0.00909674 s/step
on time step 15934 (time=130.607), 0.00903415 s/step
on time step 16379 (time=134.254), 0.00899534 s/step
on time step 16819 (time=137.861), 0.00909944 s/step
on time step 17254 (time=141.426), 0.00919736 s/step
on time step 17699 (time=145.074), 0.00901527 s/step
on time step 18147 (time=148.746), 0.00894027 s/step
on time step 18587 (time=152.352), 0.0091002 s/step
on time step 19028 (time=155.967), 0.009078 s/step
on time step 19467 (time=159.566), 0.00911948 s/step
on time step 19910 (time=163.197), 0.00905108 s/step
on time step 20349 (time=166.795), 0.00911973 s/step
on time step 20790 (time=170.41), 0.00907446 s/step
on time step 21230 (time=174.016), 0.00910204 s/step
on time step 21670 (time=177.623), 0.00909095 s/step
on time step 22118 (time=181.295), 0.00894632 s/step
on time step 22553 (time=184.861), 0.00923101 s/step
on time step 22992 (time=188.459), 0.00911547 s/step
on time step 23436 (time=192.098), 0.00905141 s/step
on time step 23877 (time=195.713), 0.0090843 s/step
on time step 24319 (time=199.336), 0.00905576 s/step
on time step 24766 (time=203), 0.00896193 s/step
on time step 25209 (time=206.631), 0.00904163 s/step
on time step 25641 (time=210.172), 0.009278 s/step
on time step 26079 (time=213.762), 0.00914119 s/step
on time step 26526 (time=217.426), 0.00898092 s/step
on time step 26961 (time=220.992), 0.00920938 s/step
on time step 27405 (time=224.631), 0.00901534 s/step
on time step 27854 (time=228.311), 0.00890971 s/step
on time step 28292 (time=231.902), 0.00913822 s/step
on time step 28740 (time=235.574), 0.00892893 s/step
on time step 29189 (time=239.254), 0.0089448 s/step
on time step 29634 (time=242.902), 0.00899755 s/step
on time step 30080 (time=246.557), 0.00897564 s/step
on time step 30530 (time=250.246), 0.00889488 s/step
on time step 30974 (time=253.885), 0.00901102 s/step
on time step 31420 (time=257.541), 0.00898725 s/step
on time step 31867 (time=261.205), 0.00894903 s/step
on time step 32316 (time=264.885), 0.00892638 s/step
on time step 32763 (time=268.549), 0.00895048 s/step
on time step 33212 (time=272.23), 0.00892559 s/step
on time step 33649 (time=275.811), 0.00915339 s/step
on time step 34092 (time=279.443), 0.00903712 s/step
on time step 34537 (time=283.09), 0.00900197 s/step
on time step 34986 (time=286.77), 0.00892566 s/step
on time step 35431 (time=290.418), 0.00901565 s/step
on time step 35877 (time=294.074), 0.00897314 s/step
on time step 36322 (time=297.721), 0.00900625 s/step
on time step 36767 (time=301.369), 0.00899383 s/step
on time step 37215 (time=305.041), 0.00894611 s/step
on time step 37639 (time=308.516), 0.00943733 s/step
on time step 38085 (time=312.172), 0.00899882 s/step
on time step 38529 (time=315.811), 0.00901417 s/step
on time step 38970 (time=319.426), 0.00908016 s/step
on time step 39410 (time=323.033), 0.00910259 s/step
on time step 39856 (time=326.689), 0.00897941 s/step
on time step 40297 (time=330.303), 0.0090975 s/step
on time step 40744 (time=333.967), 0.00895398 s/step
on time step 41188 (time=337.607), 0.00903664 s/step
on time step 41638 (time=341.295), 0.00890073 s/step
on time step 42082 (time=344.934), 0.00901837 s/step
on time step 42532 (time=348.623), 0.00890043 s/step
on time step 42977 (time=352.27), 0.00901523 s/step
on time step 43412 (time=355.836), 0.00920329 s/step
on time step 43858 (time=359.492), 0.00898235 s/step
on time step 44299 (time=363.107), 0.00909219 s/step
on time step 44748 (time=366.787), 0.00892353 s/step
on time step 45195 (time=370.451), 0.00894958 s/step
on time step 45644 (time=374.131), 0.0089187 s/step
on time step 46083 (time=377.73), 0.00911966 s/step
on time step 46529 (time=381.385), 0.0089701 s/step
on time step 46967 (time=384.975), 0.00913382 s/step
on time step 47408 (time=388.59), 0.00907217 s/step
on time step 47858 (time=392.279), 0.00889958 s/step
on time step 48307 (time=395.959), 0.00891405 s/step
on time step 48756 (time=399.639), 0.00891475 s/step
MPB solved for omega_1(0.519356,0,0) = 0.175856 after 9 iters
MPB solved for omega_1(0.425391,0,0) = 0.149882 after 7 iters
MPB solved for omega_1(0.425545,0,0) = 0.149925 after 5 iters
MPB solved for omega_1(0.425545,0,0) = 0.149925 after 1 iters
Dominant planewave for band 1: (0.425545,-0.000000,0.000000)
Halving computational cell along direction y
Working in 2D dimensions.
Computational cell is 40 x 12 x 0 with resolution 61
     prism, center = (0,0,5e+19)
          height 1e+20, axis (0,0,1), 4 vertices:
          (-21,0.5,0)
          (21,0.5,0)
          (21,-0.5,0)
          (-21,-0.5,0)
          dielectric constant epsilon diagonal = (12,12,12)
time for set_epsilon = 4.18552 s
-----------
MPB solved for omega_1(0.519356,0,0) = 0.175856 after 9 iters
MPB solved for omega_1(0.425391,0,0) = 0.149882 after 7 iters
MPB solved for omega_1(0.425545,0,0) = 0.149925 after 5 iters
MPB solved for omega_1(0.425545,0,0) = 0.149925 after 1 iters
on time step 388 (time=3.18033), 0.0103094 s/step
on time step 789 (time=6.46721), 0.00997617 s/step
on time step 1165 (time=9.54918), 0.0106416 s/step
on time step 1532 (time=12.5574), 0.0109001 s/step
on time step 1891 (time=15.5), 0.0111481 s/step
on time step 2241 (time=18.3689), 0.0114413 s/step
on time step 2538 (time=20.8033), 0.0135038 s/step
on time step 2825 (time=23.1557), 0.0139589 s/step
on time step 3207 (time=26.2869), 0.0104748 s/step
on time step 3607 (time=29.5656), 0.0100155 s/step
on time step 4018 (time=32.9344), 0.00974091 s/step
on time step 4425 (time=36.2705), 0.00988166 s/step
on time step 4831 (time=39.5984), 0.0098578 s/step
on time step 5237 (time=42.9262), 0.00985319 s/step
on time step 5639 (time=46.2213), 0.00995037 s/step
on time step 6015 (time=49.3033), 0.0106452 s/step
on time step 6392 (time=52.3934), 0.0106256 s/step
on time step 6799 (time=55.7295), 0.00983625 s/step
on time step 7201 (time=59.0246), 0.00995975 s/step
on time step 7605 (time=62.3361), 0.00990244 s/step
on time step 8010 (time=65.6557), 0.00988026 s/step
on time step 8417 (time=68.9918), 0.00984184 s/step
on time step 8820 (time=72.2951), 0.00996356 s/step
on time step 9225 (time=75.6148), 0.00988956 s/step
on time step 9621 (time=78.8607), 0.010122 s/step
on time step 10026 (time=82.1803), 0.00989696 s/step
on time step 10429 (time=85.4836), 0.00992915 s/step
on time step 10836 (time=88.8197), 0.00983917 s/step
on time step 11247 (time=92.1885), 0.0097361 s/step
on time step 11652 (time=95.5082), 0.009911 s/step
on time step 12055 (time=98.8115), 0.0099297 s/step
on time step 12457 (time=102.107), 0.00998513 s/step
on time step 12866 (time=105.459), 0.0097825 s/step
on time step 13272 (time=108.787), 0.00989479 s/step
on time step 13679 (time=112.123), 0.00984078 s/step
on time step 14086 (time=115.459), 0.00985004 s/step
on time step 14490 (time=118.77), 0.00990588 s/step
on time step 14891 (time=122.057), 0.00998149 s/step
on time step 15301 (time=125.418), 0.0097801 s/step
on time step 15699 (time=128.68), 0.0100627 s/step
on time step 16104 (time=132), 0.00987689 s/step
on time step 16499 (time=135.238), 0.010135 s/step
on time step 16908 (time=138.59), 0.00978176 s/step
on time step 17315 (time=141.926), 0.00984862 s/step
on time step 17718 (time=145.23), 0.00992894 s/step
on time step 18115 (time=148.484), 0.0101097 s/step
on time step 18523 (time=151.828), 0.00982134 s/step
on time step 18930 (time=155.164), 0.00982944 s/step
on time step 19335 (time=158.484), 0.0098884 s/step
on time step 19741 (time=161.811), 0.00985294 s/step
on time step 20144 (time=165.115), 0.00993235 s/step
on time step 20552 (time=168.459), 0.0098095 s/step
on time step 20954 (time=171.754), 0.00995282 s/step
on time step 21336 (time=174.885), 0.0104881 s/step
on time step 21730 (time=178.115), 0.0101652 s/step
on time step 22128 (time=181.377), 0.0100529 s/step
on time step 22531 (time=184.68), 0.00995565 s/step
on time step 22930 (time=187.951), 0.0100295 s/step
on time step 23330 (time=191.23), 0.0100286 s/step
on time step 23725 (time=194.467), 0.0101319 s/step
on time step 24128 (time=197.77), 0.00993324 s/step
on time step 24527 (time=201.041), 0.0100289 s/step
on time step 24926 (time=204.311), 0.0100468 s/step
on time step 25328 (time=207.607), 0.0099643 s/step
on time step 25728 (time=210.885), 0.0100051 s/step
on time step 26126 (time=214.148), 0.0100536 s/step
on time step 26518 (time=217.361), 0.0102124 s/step
on time step 26914 (time=220.607), 0.0101169 s/step
on time step 27312 (time=223.869), 0.0100719 s/step
on time step 27699 (time=227.041), 0.0103401 s/step
on time step 28103 (time=230.352), 0.00991873 s/step
on time step 28504 (time=233.639), 0.00998361 s/step
on time step 28905 (time=236.926), 0.0100115 s/step
on time step 29307 (time=240.221), 0.0099664 s/step
on time step 29703 (time=243.467), 0.0101453 s/step
on time step 30102 (time=246.738), 0.0100557 s/step
on time step 30503 (time=250.025), 0.00998253 s/step
on time step 30903 (time=253.303), 0.0100175 s/step
on time step 31299 (time=256.549), 0.0101129 s/step
on time step 31694 (time=259.787), 0.0101402 s/step
on time step 32095 (time=263.074), 0.00999002 s/step
on time step 32495 (time=266.352), 0.0100094 s/step
on time step 32892 (time=269.607), 0.0100962 s/step
on time step 33290 (time=272.869), 0.010069 s/step
on time step 33684 (time=276.098), 0.0101941 s/step
on time step 34081 (time=279.352), 0.0100794 s/step
on time step 34478 (time=282.607), 0.0100831 s/step
on time step 34878 (time=285.885), 0.0100199 s/step
on time step 35275 (time=289.139), 0.0100832 s/step
on time step 35677 (time=292.434), 0.00995133 s/step
on time step 36075 (time=295.697), 0.0100692 s/step
on time step 36475 (time=298.975), 0.0100031 s/step
on time step 36873 (time=302.238), 0.0100545 s/step
on time step 37272 (time=305.508), 0.0100342 s/step
on time step 37669 (time=308.762), 0.010077 s/step
on time step 38066 (time=312.016), 0.0100845 s/step
on time step 38459 (time=315.238), 0.0101864 s/step
on time step 38849 (time=318.434), 0.0102657 s/step
on time step 39246 (time=321.689), 0.0101133 s/step
on time step 39634 (time=324.869), 0.0103159 s/step
on time step 40037 (time=328.172), 0.00993492 s/step
on time step 40440 (time=331.475), 0.00993557 s/step
on time step 40835 (time=334.713), 0.0101492 s/step
on time step 41232 (time=337.967), 0.0100973 s/step
on time step 41633 (time=341.254), 0.00998582 s/step
on time step 42037 (time=344.566), 0.00991999 s/step
on time step 42438 (time=347.852), 0.00997663 s/step
on time step 42841 (time=351.156), 0.00993584 s/step
on time step 43242 (time=354.443), 0.01 s/step
on time step 43640 (time=357.705), 0.0100777 s/step
on time step 44040 (time=360.984), 0.010004 s/step
on time step 44434 (time=364.213), 0.0101533 s/step
on time step 44835 (time=367.5), 0.00997565 s/step
on time step 45236 (time=370.787), 0.00998089 s/step
on time step 45624 (time=373.967), 0.0103189 s/step
on time step 46018 (time=377.197), 0.01019 s/step
on time step 46424 (time=380.525), 0.00985599 s/step
on time step 46821 (time=383.779), 0.0100895 s/step
on time step 47227 (time=387.107), 0.00987213 s/step
on time step 47615 (time=390.287), 0.0103216 s/step
on time step 47983 (time=393.303), 0.0108701 s/step
on time step 48364 (time=396.426), 0.0105167 s/step
on time step 48711 (time=399.27), 0.011539 s/step
MPB solved for omega_1(0.519356,0,0) = 0.175856 after 9 iters
MPB solved for omega_1(0.425391,0,0) = 0.149882 after 7 iters
MPB solved for omega_1(0.425545,0,0) = 0.149925 after 5 iters
MPB solved for omega_1(0.425545,0,0) = 0.149925 after 1 iters
Dominant planewave for band 1: (0.425545,-0.000000,0.000000)

Field time usage:
     connecting chunks: 0.357485 s
         time stepping: 456.945 s
         communicating: 30.2319 s
    Fourier transforming: 0.862338 s
       everything else: 5.69884 s

Halving computational cell along direction y
Working in 2D dimensions.
Computational cell is 40 x 12 x 0 with resolution 61
     prism, center = (0,0,5e+19)
          height 1e+20, axis (0,0,1), 8 vertices:
          (-21,0.5,0)
          (-4,0.5,0)
          (4,1,0)
          (21,1,0)
          (21,-1,0)
          (4,-1,0)
          (-4,-0.5,0)
          (-21,-0.5,0)
          dielectric constant epsilon diagonal = (12,12,12)
time for set_epsilon = 6.88004 s
-----------
MPB solved for omega_1(0.519356,0,0) = 0.175856 after 10 iters
MPB solved for omega_1(0.425391,0,0) = 0.149882 after 7 iters
MPB solved for omega_1(0.425545,0,0) = 0.149925 after 5 iters
MPB solved for omega_1(0.425545,0,0) = 0.149925 after 1 iters
on time step 334 (time=2.7377), 0.0119819 s/step
on time step 702 (time=5.7541), 0.0108772 s/step
on time step 1054 (time=8.63934), 0.0113667 s/step
on time step 1397 (time=11.4508), 0.0116771 s/step
on time step 1720 (time=14.0984), 0.0123868 s/step
on time step 2033 (time=16.6639), 0.0127864 s/step
on time step 2326 (time=19.0656), 0.013652 s/step
on time step 2593 (time=21.2541), 0.0150127 s/step
on time step 2868 (time=23.5082), 0.0145626 s/step
on time step 3225 (time=26.4344), 0.0112567 s/step
on time step 3600 (time=29.5082), 0.01068 s/step
on time step 3980 (time=32.623), 0.0105346 s/step
on time step 4342 (time=35.5902), 0.0110645 s/step
on time step 4718 (time=38.6721), 0.0106452 s/step
on time step 5112 (time=41.9016), 0.0101581 s/step
on time step 5490 (time=45), 0.0105915 s/step
on time step 5892 (time=48.2951), 0.00998801 s/step
on time step 6275 (time=51.4344), 0.0104497 s/step
on time step 6653 (time=54.5328), 0.0105854 s/step
on time step 7033 (time=57.6475), 0.0105543 s/step
on time step 7437 (time=60.959), 0.00990193 s/step
on time step 7825 (time=64.1393), 0.0103306 s/step
on time step 8195 (time=67.1721), 0.0108359 s/step
on time step 8559 (time=70.1557), 0.0109991 s/step
on time step 8939 (time=73.2705), 0.010535 s/step
on time step 9314 (time=76.3443), 0.0106865 s/step
on time step 9693 (time=79.4508), 0.0105705 s/step
on time step 10041 (time=82.3033), 0.0115075 s/step
on time step 10419 (time=85.4016), 0.0105939 s/step
on time step 10766 (time=88.2459), 0.011529 s/step
on time step 11144 (time=91.3443), 0.0105831 s/step
on time step 11542 (time=94.6066), 0.0100717 s/step
on time step 11942 (time=97.8852), 0.0100308 s/step
on time step 12341 (time=101.156), 0.0100275 s/step
on time step 12707 (time=104.156), 0.0109342 s/step
on time step 13115 (time=107.5), 0.00980903 s/step
on time step 13504 (time=110.689), 0.0103043 s/step
on time step 13884 (time=113.803), 0.0105519 s/step
on time step 14263 (time=116.91), 0.0106178 s/step
on time step 14648 (time=120.066), 0.0103918 s/step
on time step 15018 (time=123.098), 0.0108151 s/step
on time step 15407 (time=126.287), 0.0102974 s/step
on time step 15773 (time=129.287), 0.0109529 s/step
on time step 16095 (time=131.926), 0.0124438 s/step
on time step 16446 (time=134.803), 0.0114 s/step
on time step 16862 (time=138.213), 0.00963205 s/step
on time step 17264 (time=141.508), 0.00997473 s/step
on time step 17612 (time=144.361), 0.011496 s/step
on time step 17928 (time=146.951), 0.0126623 s/step
on time step 18248 (time=149.574), 0.0125215 s/step
on time step 18565 (time=152.172), 0.0126464 s/step
on time step 18884 (time=154.787), 0.0125435 s/step
on time step 19208 (time=157.443), 0.0123632 s/step
on time step 19541 (time=160.172), 0.0120225 s/step
on time step 19888 (time=163.016), 0.0115508 s/step
on time step 20243 (time=165.926), 0.0112973 s/step
on time step 20607 (time=168.91), 0.011 s/step
on time step 20980 (time=171.967), 0.0107363 s/step
on time step 21355 (time=175.041), 0.0106926 s/step
on time step 21707 (time=177.926), 0.0113698 s/step
on time step 22045 (time=180.697), 0.0118413 s/step
on time step 22386 (time=183.492), 0.0117304 s/step
on time step 22753 (time=186.5), 0.0109397 s/step
on time step 23094 (time=189.295), 0.0117379 s/step
on time step 23452 (time=192.23), 0.0111782 s/step
on time step 23807 (time=195.139), 0.011291 s/step
on time step 24197 (time=198.336), 0.0102582 s/step
on time step 24589 (time=201.549), 0.0102144 s/step
on time step 24957 (time=204.566), 0.0108707 s/step
on time step 25360 (time=207.869), 0.00993055 s/step
on time step 25771 (time=211.238), 0.00974719 s/step
on time step 26177 (time=214.566), 0.00989638 s/step
on time step 26584 (time=217.902), 0.00983556 s/step
on time step 26989 (time=221.221), 0.00988459 s/step
on time step 27396 (time=224.557), 0.00983476 s/step
on time step 27804 (time=227.902), 0.00981075 s/step
on time step 28196 (time=231.115), 0.0102202 s/step
on time step 28602 (time=234.443), 0.00985592 s/step
on time step 28996 (time=237.672), 0.0101899 s/step
on time step 29398 (time=240.967), 0.00995316 s/step
on time step 29800 (time=244.262), 0.00995451 s/step
on time step 30204 (time=247.574), 0.00990755 s/step
on time step 30604 (time=250.852), 0.0100445 s/step
on time step 31006 (time=254.148), 0.00996178 s/step
on time step 31410 (time=257.459), 0.00991735 s/step
on time step 31814 (time=260.77), 0.00990351 s/step
on time step 32207 (time=263.992), 0.0101859 s/step
on time step 32575 (time=267.008), 0.0108808 s/step
on time step 32950 (time=270.082), 0.0106756 s/step
on time step 33334 (time=273.23), 0.0104533 s/step
on time step 33721 (time=276.402), 0.0103373 s/step
on time step 34108 (time=279.574), 0.0103477 s/step
on time step 34497 (time=282.762), 0.0102989 s/step
on time step 34885 (time=285.943), 0.0103204 s/step
on time step 35290 (time=289.262), 0.00989194 s/step
on time step 35696 (time=292.59), 0.00985979 s/step
on time step 36099 (time=295.893), 0.00992825 s/step
on time step 36505 (time=299.221), 0.00985355 s/step
on time step 36910 (time=302.541), 0.00991445 s/step
on time step 37317 (time=305.877), 0.00983945 s/step
on time step 37719 (time=309.172), 0.00995674 s/step
on time step 38128 (time=312.525), 0.00979409 s/step
on time step 38528 (time=315.803), 0.0100053 s/step
on time step 38925 (time=319.057), 0.0100852 s/step
on time step 39331 (time=322.385), 0.00986638 s/step
on time step 39714 (time=325.525), 0.0104595 s/step
on time step 40105 (time=328.73), 0.0102385 s/step
on time step 40459 (time=331.631), 0.0113182 s/step
on time step 40829 (time=334.664), 0.0108288 s/step
on time step 41228 (time=337.934), 0.010061 s/step
on time step 41613 (time=341.09), 0.0103921 s/step
on time step 42005 (time=344.303), 0.0102294 s/step
on time step 42395 (time=347.5), 0.0102658 s/step
on time step 42796 (time=350.787), 0.00999935 s/step
on time step 43197 (time=354.074), 0.00998483 s/step
on time step 43602 (time=357.393), 0.00988414 s/step
on time step 44006 (time=360.705), 0.00991694 s/step
on time step 44410 (time=364.016), 0.00990363 s/step
on time step 44814 (time=367.328), 0.00991315 s/step
on time step 45218 (time=370.639), 0.00992102 s/step
on time step 45615 (time=373.893), 0.010083 s/step
on time step 46017 (time=377.189), 0.00995975 s/step
on time step 46414 (time=380.443), 0.0100994 s/step
on time step 46804 (time=383.639), 0.0102615 s/step
on time step 47206 (time=386.934), 0.0099715 s/step
on time step 47613 (time=390.27), 0.00982953 s/step
on time step 48017 (time=393.582), 0.0099038 s/step
on time step 48422 (time=396.902), 0.00987882 s/step
MPB solved for omega_1(0.519356,0,0) = 0.175856 after 9 iters
MPB solved for omega_1(0.425391,0,0) = 0.149882 after 7 iters
MPB solved for omega_1(0.425545,0,0) = 0.149925 after 5 iters
MPB solved for omega_1(0.425545,0,0) = 0.149925 after 1 iters
Dominant planewave for band 1: (0.425545,-0.000000,0.000000)
Halving computational cell along direction y
Working in 2D dimensions.
Computational cell is 48 x 12 x 0 with resolution 61
     prism, center = (0,0,5e+19)
          height 1e+20, axis (0,0,1), 4 vertices:
          (-25,0.5,0)
          (25,0.5,0)
          (25,-0.5,0)
          (-25,-0.5,0)
          dielectric constant epsilon diagonal = (12,12,12)
time for set_epsilon = 5.01794 s
-----------
MPB solved for omega_1(0.519356,0,0) = 0.175856 after 9 iters
MPB solved for omega_1(0.425391,0,0) = 0.149882 after 7 iters
MPB solved for omega_1(0.425545,0,0) = 0.149925 after 5 iters
MPB solved for omega_1(0.425545,0,0) = 0.149925 after 1 iters
on time step 334 (time=2.7377), 0.0119956 s/step
on time step 679 (time=5.56557), 0.0116 s/step
on time step 1008 (time=8.2623), 0.0121793 s/step
on time step 1330 (time=10.9016), 0.0124626 s/step
on time step 1643 (time=13.4672), 0.0127862 s/step
on time step 1953 (time=16.0082), 0.0129316 s/step
on time step 2262 (time=18.541), 0.0129477 s/step
on time step 2569 (time=21.0574), 0.0130834 s/step
on time step 2872 (time=23.541), 0.0132228 s/step
on time step 3156 (time=25.8689), 0.014094 s/step
on time step 3409 (time=27.9426), 0.015826 s/step
on time step 3657 (time=29.9754), 0.0161307 s/step
on time step 3967 (time=32.5164), 0.0129158 s/step
on time step 4315 (time=35.3689), 0.011512 s/step
on time step 4641 (time=38.041), 0.0122951 s/step
on time step 4975 (time=40.7787), 0.01198 s/step
on time step 5325 (time=43.6475), 0.0114382 s/step
on time step 5672 (time=46.4918), 0.0115477 s/step
on time step 6019 (time=49.3361), 0.0115283 s/step
on time step 6371 (time=52.2213), 0.0113693 s/step
on time step 6721 (time=55.0902), 0.011477 s/step
on time step 7060 (time=57.8689), 0.011818 s/step
on time step 7407 (time=60.7131), 0.0115383 s/step
on time step 7744 (time=63.4754), 0.0118805 s/step
on time step 8091 (time=66.3197), 0.0115414 s/step
on time step 8441 (time=69.1885), 0.0114296 s/step
on time step 8793 (time=72.0738), 0.0113784 s/step
on time step 9143 (time=74.9426), 0.0114561 s/step
on time step 9490 (time=77.7869), 0.0115414 s/step
on time step 9834 (time=80.6066), 0.0116479 s/step
on time step 10178 (time=83.4262), 0.0116494 s/step
on time step 10525 (time=86.2705), 0.011538 s/step
on time step 10875 (time=89.1393), 0.0114518 s/step
on time step 11227 (time=92.0246), 0.0113657 s/step
on time step 11571 (time=94.8443), 0.0116572 s/step
on time step 11923 (time=97.7295), 0.0113796 s/step
on time step 12272 (time=100.59), 0.0115397 s/step
on time step 12622 (time=103.459), 0.0114329 s/step
on time step 12968 (time=106.295), 0.0115642 s/step
on time step 13314 (time=109.131), 0.0115876 s/step
on time step 13661 (time=111.975), 0.0115726 s/step
on time step 14011 (time=114.844), 0.0114286 s/step
on time step 14363 (time=117.73), 0.011373 s/step
on time step 14714 (time=120.607), 0.011423 s/step
on time step 15060 (time=123.443), 0.01158 s/step
on time step 15410 (time=126.311), 0.0114328 s/step
on time step 15760 (time=129.18), 0.0114335 s/step
on time step 16105 (time=132.008), 0.0116009 s/step
on time step 16457 (time=134.893), 0.0113733 s/step
on time step 16801 (time=137.713), 0.011659 s/step
on time step 17155 (time=140.615), 0.0113188 s/step
on time step 17504 (time=143.475), 0.0114768 s/step
on time step 17854 (time=146.344), 0.0114358 s/step
on time step 18191 (time=149.107), 0.0119496 s/step
on time step 18536 (time=151.934), 0.0116041 s/step
on time step 18878 (time=154.738), 0.0116968 s/step
on time step 19229 (time=157.615), 0.0114152 s/step
on time step 19581 (time=160.5), 0.0113806 s/step
on time step 19920 (time=163.279), 0.0118327 s/step
on time step 20273 (time=166.172), 0.0113869 s/step
on time step 20617 (time=168.992), 0.01163 s/step
on time step 20968 (time=171.869), 0.0114014 s/step
on time step 21313 (time=174.697), 0.0116187 s/step
on time step 21654 (time=177.492), 0.011732 s/step
on time step 21997 (time=180.303), 0.0116686 s/step
on time step 22346 (time=183.164), 0.011485 s/step
on time step 22695 (time=186.025), 0.011492 s/step
on time step 23049 (time=188.926), 0.0112996 s/step
on time step 23391 (time=191.73), 0.0117272 s/step
on time step 23741 (time=194.598), 0.0114643 s/step
on time step 24079 (time=197.369), 0.011856 s/step
on time step 24407 (time=200.057), 0.0122168 s/step
on time step 24747 (time=202.844), 0.0118321 s/step
on time step 25071 (time=205.5), 0.0123637 s/step
on time step 25407 (time=208.254), 0.0119306 s/step
on time step 25756 (time=211.115), 0.0114881 s/step
on time step 26103 (time=213.959), 0.0115359 s/step
on time step 26442 (time=216.738), 0.011803 s/step
on time step 26777 (time=219.484), 0.0119612 s/step
on time step 27096 (time=222.098), 0.0125589 s/step
on time step 27442 (time=224.934), 0.0115672 s/step
on time step 27787 (time=227.762), 0.0116118 s/step
on time step 28135 (time=230.615), 0.0114972 s/step
on time step 28476 (time=233.41), 0.0117324 s/step
on time step 28821 (time=236.238), 0.0116018 s/step
on time step 29171 (time=239.107), 0.011441 s/step
on time step 29516 (time=241.934), 0.0116331 s/step
on time step 29866 (time=244.803), 0.0114304 s/step
on time step 30214 (time=247.656), 0.0115191 s/step
on time step 30560 (time=250.492), 0.0115728 s/step
on time step 30906 (time=253.328), 0.0115813 s/step
on time step 31256 (time=256.197), 0.011436 s/step
on time step 31604 (time=259.049), 0.0115457 s/step
on time step 31953 (time=261.91), 0.0114657 s/step
on time step 32301 (time=264.762), 0.0114969 s/step
on time step 32651 (time=267.631), 0.0114467 s/step
on time step 32996 (time=270.459), 0.0116195 s/step
on time step 33347 (time=273.336), 0.0114076 s/step
on time step 33693 (time=276.172), 0.0115694 s/step
on time step 34040 (time=279.016), 0.0115657 s/step
on time step 34383 (time=281.828), 0.0116827 s/step
on time step 34734 (time=284.705), 0.0114324 s/step
on time step 35084 (time=287.574), 0.0114552 s/step
on time step 35418 (time=290.311), 0.0119769 s/step
on time step 35754 (time=293.066), 0.0119165 s/step
on time step 36095 (time=295.861), 0.0117486 s/step
on time step 36435 (time=298.648), 0.0117698 s/step
on time step 36778 (time=301.459), 0.0116699 s/step
on time step 37119 (time=304.254), 0.0117892 s/step
on time step 37469 (time=307.123), 0.0114457 s/step
on time step 37816 (time=309.967), 0.0115591 s/step
on time step 38149 (time=312.697), 0.0120298 s/step
on time step 38465 (time=315.287), 0.012701 s/step
on time step 38782 (time=317.885), 0.0126577 s/step
on time step 39095 (time=320.451), 0.0128168 s/step
on time step 39421 (time=323.123), 0.0122995 s/step
on time step 39748 (time=325.803), 0.0122347 s/step
on time step 40061 (time=328.369), 0.0127846 s/step
on time step 40392 (time=331.082), 0.0120976 s/step
on time step 40715 (time=333.73), 0.0123882 s/step
on time step 41033 (time=336.336), 0.0126005 s/step
on time step 41363 (time=339.041), 0.0121606 s/step
on time step 41694 (time=341.754), 0.0121104 s/step
on time step 42014 (time=344.377), 0.0125201 s/step
on time step 42339 (time=347.041), 0.0123268 s/step
on time step 42640 (time=349.508), 0.0133128 s/step
on time step 42954 (time=352.082), 0.0127502 s/step
on time step 43280 (time=354.754), 0.0122976 s/step
on time step 43597 (time=357.352), 0.0126394 s/step
on time step 43920 (time=360), 0.0124184 s/step
on time step 44249 (time=362.697), 0.0121618 s/step
on time step 44575 (time=365.369), 0.0123236 s/step
on time step 44898 (time=368.016), 0.0124149 s/step
on time step 45207 (time=370.549), 0.0129733 s/step
on time step 45533 (time=373.221), 0.0122894 s/step
on time step 45856 (time=375.869), 0.0123898 s/step
on time step 46177 (time=378.5), 0.0124656 s/step
on time step 46515 (time=381.27), 0.0118473 s/step
on time step 46858 (time=384.082), 0.0117269 s/step
on time step 47201 (time=386.893), 0.0116886 s/step
on time step 47522 (time=389.525), 0.0124893 s/step
on time step 47830 (time=392.049), 0.0129971 s/step
on time step 48153 (time=394.697), 0.0123978 s/step
on time step 48471 (time=397.303), 0.0125888 s/step
on time step 48796 (time=399.967), 0.0123123 s/step
MPB solved for omega_1(0.519356,0,0) = 0.175856 after 9 iters
MPB solved for omega_1(0.425391,0,0) = 0.149882 after 7 iters
MPB solved for omega_1(0.425545,0,0) = 0.149925 after 5 iters
MPB solved for omega_1(0.425545,0,0) = 0.149925 after 1 iters
Dominant planewave for band 1: (0.425545,-0.000000,0.000000)

Field time usage:
     connecting chunks: 0.329163 s
         time stepping: 539.154 s
         communicating: 35.3499 s
    Fourier transforming: 0.876341 s
       everything else: 5.65223 s

Halving computational cell along direction y
Working in 2D dimensions.
Computational cell is 48 x 12 x 0 with resolution 61
     prism, center = (0,0,5e+19)
          height 1e+20, axis (0,0,1), 8 vertices:
          (-25,0.5,0)
          (-8,0.5,0)
          (8,1,0)
          (25,1,0)
          (25,-1,0)
          (8,-1,0)
          (-8,-0.5,0)
          (-25,-0.5,0)
          dielectric constant epsilon diagonal = (12,12,12)
time for set_epsilon = 7.8448 s
-----------
MPB solved for omega_1(0.519356,0,0) = 0.175856 after 10 iters
MPB solved for omega_1(0.425391,0,0) = 0.149882 after 7 iters
MPB solved for omega_1(0.425545,0,0) = 0.149925 after 5 iters
MPB solved for omega_1(0.425545,0,0) = 0.149925 after 1 iters
on time step 331 (time=2.71311), 0.0121105 s/step
on time step 678 (time=5.55738), 0.0115924 s/step
on time step 990 (time=8.11475), 0.0128489 s/step
on time step 1309 (time=10.7295), 0.0125445 s/step
on time step 1606 (time=13.1639), 0.0134978 s/step
on time step 1911 (time=15.6639), 0.0131281 s/step
on time step 2215 (time=18.1557), 0.0131941 s/step
on time step 2508 (time=20.5574), 0.0137138 s/step
on time step 2796 (time=22.918), 0.013927 s/step
on time step 3074 (time=25.1967), 0.0144012 s/step
on time step 3312 (time=27.1475), 0.0168764 s/step
on time step 3542 (time=29.0328), 0.0174086 s/step
on time step 3787 (time=31.041), 0.016329 s/step
on time step 4109 (time=33.6803), 0.0124286 s/step
on time step 4453 (time=36.5), 0.0117059 s/step
on time step 4802 (time=39.3607), 0.0114678 s/step
on time step 5145 (time=42.1721), 0.0116853 s/step
on time step 5464 (time=44.7869), 0.0125511 s/step
on time step 5799 (time=47.5328), 0.0119659 s/step
on time step 6124 (time=50.1967), 0.0123261 s/step
on time step 6452 (time=52.8852), 0.0122316 s/step
on time step 6791 (time=55.6639), 0.0118133 s/step
on time step 7130 (time=58.4426), 0.0118192 s/step
on time step 7475 (time=61.2705), 0.0116426 s/step
on time step 7766 (time=63.6557), 0.0137657 s/step
on time step 8105 (time=66.4344), 0.0118032 s/step
on time step 8433 (time=69.123), 0.0122097 s/step
on time step 8751 (time=71.7295), 0.012649 s/step
on time step 9082 (time=74.4426), 0.0120979 s/step
on time step 9413 (time=77.1557), 0.0121218 s/step
on time step 9749 (time=79.9098), 0.0119181 s/step
on time step 10078 (time=82.6066), 0.0121871 s/step
on time step 10400 (time=85.2459), 0.0124782 s/step
on time step 10727 (time=87.9262), 0.0123001 s/step
on time step 11060 (time=90.6557), 0.0120245 s/step
on time step 11382 (time=93.2951), 0.0124472 s/step
on time step 11702 (time=95.918), 0.0125252 s/step
on time step 12040 (time=98.6885), 0.0118375 s/step
on time step 12373 (time=101.418), 0.0120142 s/step
on time step 12698 (time=104.082), 0.0123262 s/step
on time step 13016 (time=106.689), 0.0126247 s/step
on time step 13330 (time=109.262), 0.0127606 s/step
on time step 13648 (time=111.869), 0.0126412 s/step
on time step 13987 (time=114.648), 0.0118147 s/step
on time step 14324 (time=117.41), 0.0118872 s/step
on time step 14644 (time=120.033), 0.0125129 s/step
on time step 14966 (time=122.672), 0.0124542 s/step
on time step 15296 (time=125.377), 0.0121289 s/step
on time step 15624 (time=128.066), 0.0122403 s/step
on time step 15946 (time=130.705), 0.0124352 s/step
on time step 16245 (time=133.156), 0.0133802 s/step
on time step 16555 (time=135.697), 0.0129194 s/step
on time step 16889 (time=138.434), 0.0119993 s/step
on time step 17204 (time=141.016), 0.0127315 s/step
on time step 17521 (time=143.615), 0.0126272 s/step
on time step 17838 (time=146.213), 0.012665 s/step
on time step 18169 (time=148.926), 0.0120983 s/step
Using MPI version 3.0, 1 processes
-----------
Initializing structure...
field decay(t = 50.00819672131148): 1.3062575565378691e-09 / 1.3062575565378691e-09 = 1.0
field decay(t = 100.01639344262296): 3.0038918116983643e-05 / 3.0038918116983643e-05 = 1.0
field decay(t = 150.02459016393445): 0.007855687357894924 / 0.007855687357894924 = 1.0
field decay(t = 200.0327868852459): 0.02703415153786486 / 0.02703415153786486 = 1.0
field decay(t = 250.0409836065574): 0.021383564275948258 / 0.02703415153786486 = 0.7909833695353
field decay(t = 300.0491803278689): 0.0005344006359751673 / 0.02703415153786486 = 0.01976761265196984
field decay(t = 350.05737704918033): 1.516153324897994e-07 / 0.02703415153786486 = 5.6082889184608715e-06
field decay(t = 400.0655737704918): 5.3472343663777e-13 / 0.02703415153786486 = 1.977955312889402e-11
run 0 finished at t = 400.0655737704918 (48808 timesteps)
-----------
Initializing structure...
field decay(t = 50.00819672131148): 1.3073735564943e-09 / 1.3073735564943e-09 = 1.0
field decay(t = 100.01639344262296): 3.009572417689771e-05 / 3.009572417689771e-05 = 1.0
field decay(t = 150.02459016393445): 0.007883030038712168 / 0.007883030038712168 = 1.0
field decay(t = 200.0327868852459): 0.027182697182185127 / 0.027182697182185127 = 1.0
field decay(t = 250.0409836065574): 0.02153462578120031 / 0.027182697182185127 = 0.792218139240192
field decay(t = 300.0491803278689): 0.0005465544785564631 / 0.027182697182185127 = 0.02010670519166367
field decay(t = 350.05737704918033): 1.7229760444494677e-07 / 0.027182697182185127 = 6.338502882556717e-06
field decay(t = 400.0655737704918): 1.1291401310252303e-12 / 0.027182697182185127 = 4.153892910101802e-11
run 0 finished at t = 400.0655737704918 (48808 timesteps)
refl:, 1, 0.00033520, 0.00041307
-----------
Initializing structure...
field decay(t = 50.00819672131148): 1.307703885642215e-09 / 1.307703885642215e-09 = 1.0
field decay(t = 100.01639344262296): 3.0053388515450102e-05 / 3.0053388515450102e-05 = 1.0
field decay(t = 150.02459016393445): 0.007859493776476531 / 0.007859493776476531 = 1.0
field decay(t = 200.0327868852459): 0.027047273363185985 / 0.027047273363185985 = 1.0
field decay(t = 250.0409836065574): 0.021393943193537875 / 0.027047273363185985 = 0.7909833611049737
field decay(t = 300.0491803278689): 0.0005346588715013543 / 0.027047273363185985 = 0.019767570073406286
field decay(t = 350.05737704918033): 1.5168810341856658e-07 / 0.027047273363185985 = 5.6082585989990806e-06
field decay(t = 400.0655737704918): 5.319844573442365e-13 / 0.027047273363185985 = 1.9668690821468163e-11
run 0 finished at t = 400.0655737704918 (48808 timesteps)
-----------
Initializing structure...
field decay(t = 50.00819672131148): 1.308058623608035e-09 / 1.308058623608035e-09 = 1.0
field decay(t = 100.01639344262296): 3.0054327517764232e-05 / 3.0054327517764232e-05 = 1.0
field decay(t = 150.02459016393445): 0.007848265846986134 / 0.007848265846986134 = 1.0
field decay(t = 200.0327868852459): 0.02691133296436507 / 0.02691133296436507 = 1.0
field decay(t = 250.0409836065574): 0.02122111141747553 / 0.02691133296436507 = 0.7885566815131637
field decay(t = 300.0491803278689): 0.0005208210670785046 / 0.02691133296436507 = 0.019353224448902452
field decay(t = 350.05737704918033): 1.4672150550976636e-07 / 0.02691133296436507 = 5.452034119010352e-06
field decay(t = 400.0655737704918): 8.122773607980769e-13 / 0.02691133296436507 = 3.018346812748602e-11
run 0 finished at t = 400.0655737704918 (48808 timesteps)
refl:, 2, 0.00007256, 0.00008361
-----------
Initializing structure...
field decay(t = 50.00819672131148): 1.307703886290891e-09 / 1.307703886290891e-09 = 1.0
field decay(t = 100.01639344262296): 3.0053388527385196e-05 / 3.0053388527385196e-05 = 1.0
field decay(t = 150.02459016393445): 0.007859493779182854 / 0.007859493779182854 = 1.0
field decay(t = 200.0327868852459): 0.027047273371917258 / 0.027047273371917258 = 1.0
field decay(t = 250.0409836065574): 0.021393943200923665 / 0.027047273371917258 = 0.7909833611227018
field decay(t = 300.0491803278689): 0.0005346588743185558 / 0.027047273371917258 = 0.019767570171183444
field decay(t = 350.05737704918033): 1.516881886430879e-07 / 0.027047273371917258 = 5.608261748135517e-06
field decay(t = 400.0655737704918): 5.320442407003856e-13 / 0.027047273371917258 = 1.9670901143506703e-11
run 0 finished at t = 400.0655737704918 (48808 timesteps)
-----------
Initializing structure...
field decay(t = 50.00819672131148): 1.3076915740795663e-09 / 1.3076915740795663e-09 = 1.0
field decay(t = 100.01639344262296): 3.004478960940557e-05 / 3.004478960940557e-05 = 1.0
field decay(t = 150.02459016393445): 0.00784651234282996 / 0.00784651234282996 = 1.0
field decay(t = 200.0327868852459): 0.02691181302257223 / 0.02691181302257223 = 1.0
field decay(t = 250.0409836065574): 0.021219502051335663 / 0.02691181302257223 = 0.7884828136082043
field decay(t = 300.0491803278689): 0.0005149239550882517 / 0.02691181302257223 = 0.019133751957044302
field decay(t = 350.05737704918033): 1.2349682876474544e-07 / 0.02691181302257223 = 4.588944961127767e-06
field decay(t = 400.0655737704918): 6.526289375007472e-13 / 0.02691181302257223 = 2.4250649220598998e-11
run 0 finished at t = 400.0655737704918 (48808 timesteps)
refl:, 4, 0.00003941, 0.00004172
-----------
Initializing structure...
field decay(t = 50.00819672131148): 1.3077038856422085e-09 / 1.3077038856422085e-09 = 1.0
field decay(t = 100.01639344262296): 3.0053388515451698e-05 / 3.0053388515451698e-05 = 1.0
field decay(t = 150.02459016393445): 0.007859493776478509 / 0.007859493776478509 = 1.0
field decay(t = 200.0327868852459): 0.027047273363423614 / 0.027047273363423614 = 1.0
field decay(t = 250.0409836065574): 0.021393943194495252 / 0.027047273363423614 = 0.7909833611334207
field decay(t = 300.0491803278689): 0.0005346588745456282 / 0.027047273363423614 = 0.019767570185786433
field decay(t = 350.05737704918033): 1.5168819896524574e-07 / 0.027047273363423614 = 5.60826213153063e-06
field decay(t = 400.0655737704918): 5.319240638281585e-13 / 0.027047273363423614 = 1.9666457933888687e-11
run 0 finished at t = 400.0655737704918 (48808 timesteps)
-----------
Initializing structure...
field decay(t = 50.00819672131148): 1.3076192586970626e-09 / 1.3076192586970626e-09 = 1.0
field decay(t = 100.01639344262296): 3.004253926678218e-05 / 3.004253926678218e-05 = 1.0
field decay(t = 150.02459016393445): 0.007848934729004779 / 0.007848934729004779 = 1.0
field decay(t = 200.0327868852459): 0.02695770786522356 / 0.02695770786522356 = 1.0
field decay(t = 250.0409836065574): 0.021287854688224316 / 0.02695770786522356 = 0.7896759915440154
field decay(t = 300.0491803278689): 0.000524742396856242 / 0.02695770786522356 = 0.019465393700373878
field decay(t = 350.05737704918033): 1.2497902115439687e-07 / 0.02695770786522356 = 4.636114530925103e-06
field decay(t = 400.0655737704918): 1.809972197047795e-11 / 0.02695770786522356 = 6.714117558127877e-10
run 0 finished at t = 400.0655737704918 (48808 timesteps)
refl:, 8, 0.00001478, 0.00001501
-----------
Initializing structure...
field decay(t = 50.00819672131148): 1.307703885642216e-09 / 1.307703885642216e-09 = 1.0
field decay(t = 100.01639344262296): 3.005338851545268e-05 / 3.005338851545268e-05 = 1.0
field decay(t = 150.02459016393445): 0.007859493776479962 / 0.007859493776479962 = 1.0
field decay(t = 200.0327868852459): 0.02704727336343499 / 0.02704727336343499 = 1.0
field decay(t = 250.0409836065574): 0.021393943194508835 / 0.02704727336343499 = 0.7909833611335902
field decay(t = 300.0491803278689): 0.0005346588746185345 / 0.02704727336343499 = 0.019767570188473634
field decay(t = 350.05737704918033): 1.5168821571568264e-07 / 0.02704727336343499 = 5.608262750830507e-06
field decay(t = 400.0655737704918): 5.319315938656255e-13 / 0.02704727336343499 = 1.966673633671111e-11
run 0 finished at t = 400.0655737704918 (48808 timesteps)
-----------
Initializing structure...
field decay(t = 50.00819672131148): 1.3076450334466882e-09 / 1.3076450334466882e-09 = 1.0
field decay(t = 100.01639344262296): 3.004580361233496e-05 / 3.004580361233496e-05 = 1.0
field decay(t = 150.02459016393445): 0.007852823564611446 / 0.007852823564611446 = 1.0on time step 18494 (time=151.59), 0.0123175 s/step
on time step 18839 (time=154.418), 0.0116072 s/step
on time step 19179 (time=157.205), 0.0118094 s/step
on time step 19522 (time=160.016), 0.0116823 s/step
on time step 19858 (time=162.77), 0.0119156 s/step
on time step 20188 (time=165.475), 0.0121494 s/step
on time step 20515 (time=168.156), 0.0122651 s/step
on time step 20856 (time=170.951), 0.011737 s/step
on time step 21199 (time=173.762), 0.0117164 s/step
on time step 21525 (time=176.434), 0.0123064 s/step
on time step 21845 (time=179.057), 0.0125044 s/step
on time step 22163 (time=181.664), 0.0126402 s/step
on time step 22488 (time=184.328), 0.0123228 s/step
on time step 22804 (time=186.918), 0.012674 s/step
on time step 23122 (time=189.525), 0.0125949 s/step
on time step 23442 (time=192.148), 0.0125024 s/step
on time step 23771 (time=194.844), 0.0121783 s/step
on time step 24097 (time=197.516), 0.0123021 s/step
on time step 24418 (time=200.148), 0.0124925 s/step
on time step 24736 (time=202.754), 0.0125805 s/step
on time step 25062 (time=205.426), 0.0122797 s/step
on time step 25393 (time=208.139), 0.012089 s/step
on time step 25725 (time=210.861), 0.0120727 s/step
on time step 26070 (time=213.689), 0.0116048 s/step
on time step 26409 (time=216.467), 0.0118264 s/step
on time step 26755 (time=219.303), 0.0115877 s/step
on time step 27103 (time=222.156), 0.0115023 s/step
on time step 27438 (time=224.902), 0.0119564 s/step
on time step 27770 (time=227.623), 0.0121154 s/step
on time step 28110 (time=230.41), 0.0117884 s/step
on time step 28453 (time=233.221), 0.0116927 s/step
on time step 28794 (time=236.016), 0.0117394 s/step
on time step 29126 (time=238.738), 0.0120601 s/step
on time step 29472 (time=241.574), 0.0115877 s/step
on time step 29792 (time=244.197), 0.0125199 s/step
on time step 30109 (time=246.795), 0.0126216 s/step
on time step 30444 (time=249.541), 0.0119454 s/step
on time step 30775 (time=252.254), 0.0121341 s/step
on time step 31108 (time=254.984), 0.012031 s/step
on time step 31442 (time=257.721), 0.011986 s/step
on time step 31779 (time=260.484), 0.0118749 s/step
on time step 32106 (time=263.164), 0.0122671 s/step
on time step 32432 (time=265.836), 0.0122832 s/step
on time step 32749 (time=268.434), 0.012631 s/step
on time step 33068 (time=271.049), 0.0125426 s/step
on time step 33400 (time=273.77), 0.0120739 s/step
on time step 33746 (time=276.607), 0.0115873 s/step
on time step 34091 (time=279.434), 0.0116324 s/step
on time step 34437 (time=282.27), 0.0115758 s/step
on time step 34779 (time=285.074), 0.0117221 s/step
on time step 35124 (time=287.902), 0.0116284 s/step
on time step 35467 (time=290.713), 0.0116662 s/step
on time step 35811 (time=293.533), 0.0116551 s/step
on time step 36159 (time=296.385), 0.0115076 s/step
on time step 36511 (time=299.27), 0.0113891 s/step
on time step 36850 (time=302.049), 0.011804 s/step
on time step 37197 (time=304.893), 0.0115489 s/step
on time step 37543 (time=307.73), 0.0115745 s/step
on time step 37885 (time=310.533), 0.011722 s/step
on time step 38237 (time=313.418), 0.0113802 s/step
on time step 38586 (time=316.279), 0.0115148 s/step
on time step 38936 (time=319.148), 0.0114323 s/step
on time step 39285 (time=322.008), 0.0114885 s/step
on time step 39633 (time=324.861), 0.0115489 s/step
on time step 39980 (time=327.705), 0.0115276 s/step
on time step 40323 (time=330.516), 0.0116667 s/step
on time step 40672 (time=333.377), 0.0114819 s/step
on time step 41021 (time=336.238), 0.0114868 s/step
on time step 41368 (time=339.082), 0.0115444 s/step
on time step 41717 (time=341.943), 0.0114674 s/step
on time step 42069 (time=344.828), 0.011364 s/step
on time step 42418 (time=347.689), 0.0114626 s/step
on time step 42768 (time=350.557), 0.0114317 s/step
on time step 43108 (time=353.344), 0.0117879 s/step
on time step 43458 (time=356.213), 0.0114384 s/step
on time step 43807 (time=359.074), 0.0114792 s/step
on time step 44153 (time=361.91), 0.0115893 s/step
on time step 44502 (time=364.77), 0.0114684 s/step
on time step 44850 (time=367.623), 0.0115183 s/step
on time step 45197 (time=370.467), 0.0115462 s/step
on time step 45544 (time=373.311), 0.0115545 s/step
on time step 45892 (time=376.164), 0.0115059 s/step
on time step 46239 (time=379.008), 0.0115516 s/step
on time step 46587 (time=381.861), 0.011514 s/step
on time step 46940 (time=384.754), 0.011354 s/step
on time step 47279 (time=387.533), 0.011802 s/step
on time step 47625 (time=390.369), 0.0115883 s/step
on time step 47966 (time=393.164), 0.0117305 s/step
on time step 48310 (time=395.984), 0.0116417 s/step
on time step 48658 (time=398.836), 0.011546 s/step
on time step 49006 (time=401.689), 0.0115082 s/step
on time step 49349 (time=404.5), 0.0116775 s/step
on time step 49694 (time=407.328), 0.0116205 s/step
on time step 50037 (time=410.139), 0.0117009 s/step
on time step 50387 (time=413.008), 0.01145 s/step
on time step 50732 (time=415.836), 0.0116147 s/step
on time step 51078 (time=418.672), 0.0115698 s/step
on time step 51426 (time=421.525), 0.0115207 s/step
on time step 51774 (time=424.377), 0.0115005 s/step
on time step 52120 (time=427.213), 0.0115922 s/step
on time step 52467 (time=430.057), 0.0115487 s/step
on time step 52816 (time=432.918), 0.011482 s/step
on time step 53164 (time=435.77), 0.011516 s/step
on time step 53507 (time=438.582), 0.0116686 s/step
on time step 53858 (time=441.459), 0.0114021 s/step
on time step 54190 (time=444.18), 0.0120606 s/step
on time step 54515 (time=446.844), 0.012351 s/step
on time step 54857 (time=449.648), 0.0117032 s/step
on time step 55196 (time=452.426), 0.0118088 s/step
on time step 55533 (time=455.189), 0.0118767 s/step
on time step 55879 (time=458.025), 0.0115815 s/step
on time step 56223 (time=460.844), 0.0116481 s/step
on time step 56569 (time=463.68), 0.0115989 s/step
on time step 56900 (time=466.393), 0.0120916 s/step
on time step 57242 (time=469.197), 0.011727 s/step
on time step 57585 (time=472.008), 0.0116757 s/step
on time step 57929 (time=474.828), 0.0116494 s/step
on time step 58273 (time=477.648), 0.0116412 s/step
on time step 58612 (time=480.426), 0.0118048 s/step
on time step 58956 (time=483.246), 0.0116548 s/step
on time step 59296 (time=486.033), 0.0117748 s/step
on time step 59614 (time=488.639), 0.0126203 s/step
on time step 59967 (time=491.533), 0.0113422 s/step
on time step 60314 (time=494.377), 0.0115348 s/step
on time step 60658 (time=497.197), 0.0116392 s/step
on time step 61006 (time=500.049), 0.0115268 s/step
MPB solved for omega_1(0.519356,0,0) = 0.175856 after 10 iters
MPB solved for omega_1(0.425391,0,0) = 0.149882 after 7 iters
MPB solved for omega_1(0.425545,0,0) = 0.149925 after 5 iters
MPB solved for omega_1(0.425545,0,0) = 0.149925 after 1 iters
Dominant planewave for band 1: (0.425545,-0.000000,0.000000)

field decay(t = 200.0327868852459): 0.026993808692858983 / 0.026993808692858983 = 1.0
field decay(t = 250.0409836065574): 0.021332293509477546 / 0.026993808692858983 = 0.7902661588885325
field decay(t = 300.0491803278689): 0.0005297789133640799 / 0.026993808692858983 = 0.019625941614686965
field decay(t = 350.05737704918033): 1.3280132737997707e-07 / 0.026993808692858983 = 4.919695804731279e-06
field decay(t = 400.0655737704918): 3.76632231503406e-09 / 0.026993808692858983 = 1.3952541332303408e-07
field decay(t = 450.0737704918033): 2.7153157736112862e-11 / 0.026993808692858983 = 1.0059031700589934e-09
field decay(t = 500.0819672131148): 3.1330357752829736e-15 / 0.026993808692858983 = 1.160649766370981e-13
run 0 finished at t = 500.0819672131148 (61010 timesteps)
refl:, 16, 0.00000259, 0.00000262

Elapsed run time = 4999.5160 s

Field time usage:
     connecting chunks: 0.273239 s
         time stepping: 388.264 s
         communicating: 23.8057 s
    Fourier transforming: 0.66328 s
       everything else: 5.61988 s


Field time usage:
     connecting chunks: 0.285042 s
         time stepping: 396.182 s
         communicating: 24.0146 s
    Fourier transforming: 0.886692 s
       everything else: 5.42433 s


Field time usage:
     connecting chunks: 0.326766 s
         time stepping: 416.488 s
         communicating: 26.054 s
    Fourier transforming: 0.87501 s
       everything else: 5.59365 s


Field time usage:
     connecting chunks: 0.305898 s
         time stepping: 477.874 s
         communicating: 32.0481 s
    Fourier transforming: 0.882278 s
       everything else: 5.63853 s


Field time usage:
     connecting chunks: 0.33167 s
         time stepping: 678.755 s
         communicating: 46.1156 s
    Fourier transforming: 1.20977 s
       everything else: 7.26707 s

